2024-09-16 13:49:13,665 - ERROR - Camera Error
2024-09-16 13:57:02,340 - ERROR - Camera Error
2024-09-16 13:59:35,032 - INFO - --> ------ SCAN SIGNAL -------
2024-09-16 13:59:50,867 - INFO - Decoded data: GH90-68470PDOBZW0927L2
2024-09-16 14:16:40,222 - INFO - 
xxxxxxxxxxxxxxxxxxxxxxxxxxxxxxxx
2024-09-16 14:16:40,222 - INFO - >>> Received scan signal from SFC: b'1'
2024-09-16 14:16:40,222 - INFO - >>> PASS SFC SIGNAL -------
2024-09-16 14:16:42,946 - INFO - --> ------ SCAN SIGNAL -------
2024-09-16 14:16:46,882 - INFO - Decoded data: 2
2024-09-16 14:16:46,882 - ERROR - >>> Failed to scan
2024-09-16 14:16:46,882 - INFO - >>> Send data to PLC: 2
2024-09-16 14:16:49,413 - INFO - --> ------ SCAN SIGNAL -------
2024-09-16 14:16:52,989 - INFO - Decoded data: 2
2024-09-16 14:16:52,989 - ERROR - >>> Failed to scan
2024-09-16 14:16:52,989 - INFO - >>> Send data to PLC: 2
2024-09-16 14:17:01,026 - INFO - --> ------ RESET SIGNAL -------
2024-09-16 14:17:26,926 - INFO - --> ------ SCAN SIGNAL -------
2024-09-16 14:17:28,031 - INFO - --> ------ SCAN SIGNAL -------
2024-09-16 14:17:30,392 - INFO - Decoded data: 2
2024-09-16 14:17:30,392 - ERROR - >>> Failed to scan
2024-09-16 14:17:30,393 - INFO - >>> Send data to PLC: 2
2024-09-16 14:17:31,457 - INFO - Decoded data: 2
2024-09-16 14:17:31,457 - ERROR - >>> Failed to scan
2024-09-16 14:17:31,458 - INFO - >>> Send data to PLC: 2
2024-09-16 14:17:34,631 - INFO - --> ------ SCAN SIGNAL -------
2024-09-16 14:17:38,318 - INFO - Decoded data: 2
2024-09-16 14:17:38,318 - ERROR - >>> Failed to scan
2024-09-16 14:17:38,319 - INFO - >>> Send data to PLC: 2
2024-09-16 14:17:53,584 - INFO - --> ------ SCAN SIGNAL -------
2024-09-16 14:17:56,944 - INFO - Decoded data: 2
2024-09-16 14:17:56,945 - ERROR - >>> Failed to scan
2024-09-16 14:17:56,945 - INFO - >>> Send data to PLC: 2
2024-09-16 14:18:47,058 - INFO - Open file Update.exe!
2024-09-16 14:19:15,163 - INFO - Open file Update.exe!
2024-09-16 14:19:15,995 - INFO - Open file Update.exe!
2024-09-16 14:19:17,738 - INFO - Open file Update.exe!
2024-09-16 14:19:18,738 - INFO - Open file Update.exe!
2024-09-16 14:19:21,514 - INFO - Open file Update.exe!
2024-09-16 14:19:36,091 - INFO - Open file Update.exe!
2024-09-16 14:21:08,313 - INFO - --> ------ SCAN SIGNAL -------
2024-09-16 14:21:12,249 - INFO - Decoded data: 2
2024-09-16 14:21:12,249 - ERROR - >>> Failed to scan
2024-09-16 14:21:12,249 - INFO - >>> Send data to PLC: 2
2024-09-16 14:21:22,481 - INFO - --> ------ SCAN SIGNAL -------
2024-09-16 14:22:07,337 - INFO - 
xxxxxxxxxxxxxxxxxxxxxxxxxxxxxxxx
2024-09-16 14:22:07,337 - INFO - >>> Received scan signal from SFC: b'1'
2024-09-16 14:22:07,338 - INFO - >>> PASS SFC SIGNAL -------
2024-09-16 14:22:09,460 - INFO - 
xxxxxxxxxxxxxxxxxxxxxxxxxxxxxxxx
2024-09-16 14:22:09,460 - INFO - >>> Received scan signal from SFC: b'1'
2024-09-16 14:22:09,460 - INFO - >>> PASS SFC SIGNAL -------
2024-09-16 14:22:10,809 - INFO - 
xxxxxxxxxxxxxxxxxxxxxxxxxxxxxxxx
2024-09-16 14:22:10,809 - INFO - >>> Received scan signal from SFC: b'1'
2024-09-16 14:22:10,809 - INFO - >>> PASS SFC SIGNAL -------
2024-09-16 14:22:11,867 - INFO - 
xxxxxxxxxxxxxxxxxxxxxxxxxxxxxxxx
2024-09-16 14:22:11,867 - INFO - >>> Received scan signal from SFC: b'1'
2024-09-16 14:22:11,867 - INFO - >>> PASS SFC SIGNAL -------
2024-09-16 14:22:13,443 - INFO - 
xxxxxxxxxxxxxxxxxxxxxxxxxxxxxxxx
2024-09-16 14:22:13,443 - INFO - >>> Received scan signal from SFC: b'1'
2024-09-16 14:22:13,444 - INFO - >>> PASS SFC SIGNAL -------
2024-09-16 14:22:14,375 - INFO - 
xxxxxxxxxxxxxxxxxxxxxxxxxxxxxxxx
2024-09-16 14:22:14,375 - INFO - >>> Received scan signal from SFC: b'1'
2024-09-16 14:22:14,376 - INFO - >>> PASS SFC SIGNAL -------
2024-09-16 14:22:15,255 - INFO - 
xxxxxxxxxxxxxxxxxxxxxxxxxxxxxxxx
2024-09-16 14:22:15,255 - INFO - >>> Received scan signal from SFC: b'1'
2024-09-16 14:22:15,256 - INFO - >>> PASS SFC SIGNAL -------
2024-09-16 14:22:15,914 - INFO - 
xxxxxxxxxxxxxxxxxxxxxxxxxxxxxxxx
2024-09-16 14:22:15,914 - INFO - >>> Received scan signal from SFC: b'1'
2024-09-16 14:22:15,915 - INFO - >>> PASS SFC SIGNAL -------
2024-09-16 14:22:16,565 - INFO - 
xxxxxxxxxxxxxxxxxxxxxxxxxxxxxxxx
2024-09-16 14:22:16,565 - INFO - >>> Received scan signal from SFC: b'1'
2024-09-16 14:22:16,567 - INFO - >>> PASS SFC SIGNAL -------
2024-09-16 14:22:17,206 - INFO - 
xxxxxxxxxxxxxxxxxxxxxxxxxxxxxxxx
2024-09-16 14:22:17,206 - INFO - >>> Received scan signal from SFC: b'1'
2024-09-16 14:22:17,206 - INFO - >>> PASS SFC SIGNAL -------
2024-09-16 14:22:17,892 - INFO - 
xxxxxxxxxxxxxxxxxxxxxxxxxxxxxxxx
2024-09-16 14:22:17,892 - INFO - >>> Received scan signal from SFC: b'1'
2024-09-16 14:22:17,892 - INFO - >>> PASS SFC SIGNAL -------
2024-09-16 14:22:22,880 - INFO - 
xxxxxxxxxxxxxxxxxxxxxxxxxxxxxxxx
2024-09-16 14:22:22,880 - INFO - >>> Received scan signal from SFC: b'1'
2024-09-16 14:22:22,880 - INFO - >>> PASS SFC SIGNAL -------
2024-09-16 14:22:23,583 - INFO - 
xxxxxxxxxxxxxxxxxxxxxxxxxxxxxxxx
2024-09-16 14:22:23,583 - INFO - >>> Received scan signal from SFC: b'1'
2024-09-16 14:22:23,583 - INFO - >>> PASS SFC SIGNAL -------
2024-09-16 14:22:24,331 - INFO - 
xxxxxxxxxxxxxxxxxxxxxxxxxxxxxxxx
2024-09-16 14:22:24,331 - INFO - >>> Received scan signal from SFC: b'1'
2024-09-16 14:22:24,331 - INFO - >>> PASS SFC SIGNAL -------
2024-09-16 14:22:25,220 - INFO - 
xxxxxxxxxxxxxxxxxxxxxxxxxxxxxxxx
2024-09-16 14:22:25,220 - INFO - >>> Received scan signal from SFC: b'1'
2024-09-16 14:22:25,221 - INFO - >>> PASS SFC SIGNAL -------
2024-09-16 14:22:33,764 - INFO - --> ------ SCAN SIGNAL -------
2024-09-16 14:22:33,792 - INFO - Decoded data: GH90-68470PDOBZW0927L2
2024-09-16 14:22:33,792 - INFO - >>> Send data to SFC: GH90-68470PDOBZW0927L2
2024-09-16 14:22:35,588 - INFO - --> ------ SCAN SIGNAL -------
2024-09-16 14:22:35,596 - INFO - Decoded data: GH90-68470PDOBZW0927L2
2024-09-16 14:22:35,596 - INFO - >>> Send data to SFC: GH90-68470PDOBZW0927L2
2024-09-16 14:22:39,152 - INFO - 
xxxxxxxxxxxxxxxxxxxxxxxxxxxxxxxx
2024-09-16 14:22:39,152 - INFO - >>> Received scan signal from SFC: b'1'
2024-09-16 14:22:39,152 - INFO - >>> PASS SFC SIGNAL -------
2024-09-16 14:22:40,610 - INFO - --> ------ SCAN SIGNAL -------
2024-09-16 14:22:40,618 - INFO - Decoded data: GH90-68470PDOBZW0927L2
2024-09-16 14:22:40,618 - INFO - >>> Send data to SFC: GH90-68470PDOBZW0927L2
2024-09-16 14:22:41,792 - INFO - 
xxxxxxxxxxxxxxxxxxxxxxxxxxxxxxxx
2024-09-16 14:22:41,792 - INFO - >>> Received scan signal from SFC: b'2'
2024-09-16 14:22:41,792 - ERROR - >>> FAIL SFC SIGNAL
2024-09-16 14:22:43,005 - INFO - --> ------ SCAN SIGNAL -------
2024-09-16 14:22:43,011 - INFO - Decoded data: 2
2024-09-16 14:22:43,012 - ERROR - >>> Failed to scan
2024-09-16 14:22:43,012 - INFO - >>> Send data to PLC: 2
2024-09-16 14:22:48,010 - INFO - --> ------ SCAN SIGNAL -------
2024-09-16 14:22:48,018 - INFO - Decoded data: GH90-68470PDOBZW0927L2
2024-09-16 14:22:48,019 - INFO - >>> Send data to SFC: GH90-68470PDOBZW0927L2
2024-09-16 14:22:51,371 - INFO - --> ------ SCAN SIGNAL -------
2024-09-16 14:22:51,379 - INFO - Decoded data: GH90-68470PDOBZW0927L2
2024-09-16 14:22:51,379 - INFO - >>> Send data to SFC: GH90-68470PDOBZW0927L2
2024-09-16 14:22:52,437 - INFO - --> ------ SCAN SIGNAL -------
2024-09-16 14:22:52,445 - INFO - Decoded data: GH90-68470PDOBZW0927L2
2024-09-16 14:22:52,446 - INFO - >>> Send data to SFC: GH90-68470PDOBZW0927L2
2024-09-16 14:22:53,214 - INFO - --> ------ SCAN SIGNAL -------
2024-09-16 14:22:53,222 - INFO - Decoded data: GH90-68470PDOBZW0927L2
2024-09-16 14:22:53,222 - INFO - >>> Send data to SFC: GH90-68470PDOBZW0927L2
2024-09-16 14:22:53,854 - INFO - --> ------ SCAN SIGNAL -------
2024-09-16 14:22:53,862 - INFO - Decoded data: GH90-68470PDOBZW0927L2
2024-09-16 14:22:53,862 - INFO - >>> Send data to SFC: GH90-68470PDOBZW0927L2
2024-09-16 14:39:21,614 - INFO - --> ------ SCAN SIGNAL -------
2024-09-16 14:39:21,619 - INFO - Decoded data: 2
2024-09-16 14:39:21,619 - ERROR - >>> Failed to scan
2024-09-16 14:39:21,619 - INFO - >>> Send data to PLC: 2
2024-09-16 14:39:24,229 - INFO - --> ------ SCAN SIGNAL -------
2024-09-16 14:39:24,234 - INFO - Decoded data: 2
2024-09-16 14:39:24,234 - ERROR - >>> Failed to scan
2024-09-16 14:39:24,235 - INFO - >>> Send data to PLC: 2
2024-09-16 14:39:25,288 - INFO - --> ------ SCAN SIGNAL -------
2024-09-16 14:39:25,292 - INFO - Decoded data: 2
2024-09-16 14:39:25,293 - ERROR - >>> Failed to scan
2024-09-16 14:39:25,293 - INFO - >>> Send data to PLC: 2
2024-09-16 14:39:26,113 - INFO - --> ------ SCAN SIGNAL -------
2024-09-16 14:39:26,117 - INFO - Decoded data: 2
2024-09-16 14:39:26,117 - ERROR - >>> Failed to scan
2024-09-16 14:39:26,118 - INFO - >>> Send data to PLC: 2
2024-09-16 14:39:26,735 - INFO - --> ------ SCAN SIGNAL -------
2024-09-16 14:39:26,740 - INFO - Decoded data: 2
2024-09-16 14:39:26,740 - ERROR - >>> Failed to scan
2024-09-16 14:39:26,740 - INFO - >>> Send data to PLC: 2
2024-09-16 14:39:28,446 - INFO - --> ------ RESET SIGNAL -------
2024-09-16 14:39:29,727 - INFO - --> ------ SCAN SIGNAL -------
2024-09-16 14:39:29,731 - INFO - Decoded data: 2
2024-09-16 14:39:29,732 - ERROR - >>> Failed to scan
2024-09-16 14:39:29,732 - INFO - >>> Send data to PLC: 2
2024-09-16 14:39:30,570 - INFO - --> ------ SCAN SIGNAL -------
2024-09-16 14:39:30,577 - INFO - Decoded data: 2
2024-09-16 14:39:30,577 - ERROR - >>> Failed to scan
2024-09-16 14:39:30,578 - INFO - >>> Send data to PLC: 2
2024-09-16 14:39:32,420 - INFO - 
xxxxxxxxxxxxxxxxxxxxxxxxxxxxxxxx
2024-09-16 14:39:32,420 - INFO - >>> Received scan signal from SFC: b'1'
2024-09-16 14:39:32,420 - INFO - >>> PASS SFC SIGNAL -------
2024-09-16 14:39:33,962 - INFO - 
xxxxxxxxxxxxxxxxxxxxxxxxxxxxxxxx
2024-09-16 14:39:33,962 - INFO - >>> Received scan signal from SFC: b'2'
2024-09-16 14:39:33,962 - ERROR - >>> FAIL SFC SIGNAL
2024-09-16 14:39:39,470 - INFO - --> ------ SCAN SIGNAL -------
2024-09-16 14:39:39,475 - INFO - Decoded data: 2
2024-09-16 14:39:39,475 - ERROR - >>> Failed to scan
2024-09-16 14:39:39,475 - INFO - >>> Send data to PLC: 2
2024-09-16 14:39:40,661 - INFO - --> ------ SCAN SIGNAL -------
2024-09-16 14:39:40,671 - INFO - Decoded data: 2
2024-09-16 14:39:40,671 - ERROR - >>> Failed to scan
2024-09-16 14:39:40,672 - INFO - >>> Send data to PLC: 2
2024-09-16 14:39:41,626 - INFO - --> ------ SCAN SIGNAL -------
2024-09-16 14:39:41,631 - INFO - Decoded data: 2
2024-09-16 14:39:41,631 - ERROR - >>> Failed to scan
2024-09-16 14:39:41,631 - INFO - >>> Send data to PLC: 2
2024-09-16 14:39:45,477 - INFO - 
xxxxxxxxxxxxxxxxxxxxxxxxxxxxxxxx
2024-09-16 14:39:45,477 - INFO - >>> Received scan signal from SFC: b'1'
2024-09-16 14:39:45,477 - INFO - >>> PASS SFC SIGNAL -------
2024-09-16 14:39:46,178 - INFO - 
xxxxxxxxxxxxxxxxxxxxxxxxxxxxxxxx
2024-09-16 14:39:46,178 - INFO - >>> Received scan signal from SFC: b'2'
2024-09-16 14:39:46,178 - ERROR - >>> FAIL SFC SIGNAL
2024-09-16 14:42:25,475 - INFO - Open file Update.exe!
2024-09-16 14:42:40,122 - INFO - Open file Update.exe!
2024-09-16 15:01:34,700 - INFO - --> ------ SCAN SIGNAL -------
2024-09-16 15:01:34,714 - INFO - Decoded data: 2
2024-09-16 15:01:34,715 - ERROR - >>> Failed to scan
2024-09-16 15:01:34,715 - INFO - >>> Send data to PLC: 2
2024-09-16 15:01:39,747 - INFO - --> ------ SCAN SIGNAL -------
2024-09-16 15:01:39,759 - INFO - Decoded data: 2
2024-09-16 15:01:39,759 - ERROR - >>> Failed to scan
2024-09-16 15:01:39,759 - INFO - >>> Send data to PLC: 2
2024-09-16 15:02:02,775 - INFO - --> ------ SCAN SIGNAL -------
2024-09-16 15:02:20,128 - INFO - --> ------ SCAN SIGNAL -------
2024-09-16 15:02:20,147 - INFO - Decoded data: 2
2024-09-16 15:02:20,147 - ERROR - >>> Failed to scan
2024-09-16 15:02:20,148 - INFO - >>> Send data to PLC: 2
2024-09-16 15:02:28,846 - INFO - --> ------ SCAN SIGNAL -------
2024-09-16 15:02:28,864 - INFO - Decoded data: 2
2024-09-16 15:02:28,865 - ERROR - >>> Failed to scan
2024-09-16 15:02:28,865 - INFO - >>> Send data to PLC: 2
2024-09-16 15:02:30,092 - INFO - --> ------ SCAN SIGNAL -------
2024-09-16 15:02:30,099 - INFO - Decoded data: 2
2024-09-16 15:02:30,100 - ERROR - >>> Failed to scan
2024-09-16 15:02:30,100 - INFO - >>> Send data to PLC: 2
2024-09-16 15:02:31,028 - INFO - --> ------ SCAN SIGNAL -------
2024-09-16 15:02:31,035 - INFO - Decoded data: 2
2024-09-16 15:02:31,035 - ERROR - >>> Failed to scan
2024-09-16 15:02:31,036 - INFO - >>> Send data to PLC: 2
2024-09-16 15:02:32,149 - INFO - --> ------ SCAN SIGNAL -------
2024-09-16 15:02:32,159 - INFO - Decoded data: 2
2024-09-16 15:02:32,159 - ERROR - >>> Failed to scan
2024-09-16 15:02:32,160 - INFO - >>> Send data to PLC: 2
2024-09-16 15:02:32,958 - INFO - --> ------ SCAN SIGNAL -------
2024-09-16 15:02:32,964 - INFO - Decoded data: 2
2024-09-16 15:02:32,965 - ERROR - >>> Failed to scan
2024-09-16 15:02:32,965 - INFO - >>> Send data to PLC: 2
2024-09-16 15:02:34,125 - INFO - --> ------ SCAN SIGNAL -------
2024-09-16 15:02:34,134 - INFO - Decoded data: 2
2024-09-16 15:02:34,134 - ERROR - >>> Failed to scan
2024-09-16 15:02:34,135 - INFO - >>> Send data to PLC: 2
2024-09-16 15:02:35,230 - INFO - --> ------ SCAN SIGNAL -------
2024-09-16 15:02:35,240 - INFO - Decoded data: 2
2024-09-16 15:02:35,240 - ERROR - >>> Failed to scan
2024-09-16 15:02:35,241 - INFO - >>> Send data to PLC: 2
2024-09-16 15:02:36,413 - INFO - --> ------ SCAN SIGNAL -------
2024-09-16 15:02:36,425 - INFO - Decoded data: 2
2024-09-16 15:02:36,425 - ERROR - >>> Failed to scan
2024-09-16 15:02:36,425 - INFO - >>> Send data to PLC: 2
2024-09-16 15:02:37,438 - INFO - --> ------ SCAN SIGNAL -------
2024-09-16 15:02:37,450 - INFO - Decoded data: 2
2024-09-16 15:02:37,450 - ERROR - >>> Failed to scan
2024-09-16 15:02:37,451 - INFO - >>> Send data to PLC: 2
2024-09-16 15:02:38,479 - INFO - --> ------ SCAN SIGNAL -------
2024-09-16 15:02:38,496 - INFO - Decoded data: 2
2024-09-16 15:02:38,496 - ERROR - >>> Failed to scan
2024-09-16 15:02:38,497 - INFO - >>> Send data to PLC: 2
2024-09-16 15:02:39,306 - INFO - --> ------ SCAN SIGNAL -------
2024-09-16 15:02:39,313 - INFO - Decoded data: 2
2024-09-16 15:02:39,313 - ERROR - >>> Failed to scan
2024-09-16 15:02:39,314 - INFO - >>> Send data to PLC: 2
2024-09-16 15:02:40,240 - INFO - --> ------ SCAN SIGNAL -------
2024-09-16 15:02:40,247 - INFO - Decoded data: 2
2024-09-16 15:02:40,247 - ERROR - >>> Failed to scan
2024-09-16 15:02:40,248 - INFO - >>> Send data to PLC: 2
